<?xml version="1.0" encoding="UTF-8"?>
<!-- Generated by org.testng.reporters.JUnitReportReporter -->
<testsuite skipped="0" hostname="DESKTOP-4K3DOPB" name="com.usa.unittesting.TestCase3" tests="1" failures="0" timestamp="20 Jul 2018 16:36:58 GMT" time="0.001" errors="0">
  <testcase name="UpsTest" time="0.001" classname="com.usa.unittesting.TestCase3"/>
</testsuite> <!-- com.usa.unittesting.TestCase3 -->
