<?xml version="1.0" encoding="UTF-8"?>
<!-- Generated by org.testng.reporters.JUnitReportReporter -->
<testsuite skipped="0" hostname="DESKTOP-4K3DOPB" name="com.usa.unittesting.TestCase1" tests="1" failures="0" timestamp="20 Jul 2018 16:36:58 GMT" time="0.002" errors="0">
  <testcase name="eclipsAppTest" time="0.002" classname="com.usa.unittesting.TestCase1"/>
</testsuite> <!-- com.usa.unittesting.TestCase1 -->
