<?xml version="1.0" encoding="UTF-8"?>
<!-- Generated by org.testng.reporters.JUnitReportReporter -->
<testsuite skipped="0" hostname="DESKTOP-4K3DOPB" name="com.usa.unittesting.TestCase5" tests="1" failures="0" timestamp="20 Jul 2018 16:39:36 GMT" time="0.009" errors="0">
  <testcase name="DisneyTest" time="0.009" classname="com.usa.unittesting.TestCase5"/>
</testsuite> <!-- com.usa.unittesting.TestCase5 -->
